[0322/170241.164:ERROR:process_reader_win.cc(123)] NtOpenThread: {Acesso Negado} Um processo solicitou acesso a um objeto, mas o direito de acesso não lhe foi concedido. (0xc0000022)
[0322/170241.170:ERROR:process_reader_win.cc(123)] NtOpenThread: {Acesso Negado} Um processo solicitou acesso a um objeto, mas o direito de acesso não lhe foi concedido. (0xc0000022)
[0322/170241.546:ERROR:exception_snapshot_win.cc(98)] thread ID 7696 not found in process
[0322/170241.546:ERROR:exception_snapshot_win.cc(98)] thread ID 10192 not found in process
[0322/170241.169:ERROR:process_reader_win.cc(151)] SuspendThread: Acesso negado. (0x5)
[0322/170241.546:ERROR:process_reader_win.cc(123)] NtOpenThread: {Acesso Negado} Um processo solicitou acesso a um objeto, mas o direito de acesso não lhe foi concedido. (0xc0000022)
[0322/170241.721:ERROR:exception_snapshot_win.cc(98)] thread ID 9012 not found in process
[0322/170242.784:ERROR:process_reader_win.cc(123)] NtOpenThread: {Acesso Negado} Um processo solicitou acesso a um objeto, mas o direito de acesso não lhe foi concedido. (0xc0000022)
[0322/170242.785:ERROR:exception_snapshot_win.cc(98)] thread ID 4280 not found in process
[0322/185731.610:ERROR:process_reader_win.cc(123)] NtOpenThread: {Acesso Negado} Um processo solicitou acesso a um objeto, mas o direito de acesso não lhe foi concedido. (0xc0000022)
[0322/185732.169:ERROR:exception_snapshot_win.cc(98)] thread ID 8908 not found in process
[0322/185732.396:ERROR:process_reader_win.cc(123)] NtOpenThread: {Acesso Negado} Um processo solicitou acesso a um objeto, mas o direito de acesso não lhe foi concedido. (0xc0000022)
[0322/185732.396:ERROR:exception_snapshot_win.cc(98)] thread ID 10560 not found in process
[0322/190917.026:ERROR:process_reader_win.cc(123)] NtOpenThread: {Acesso Negado} Um processo solicitou acesso a um objeto, mas o direito de acesso não lhe foi concedido. (0xc0000022)
[0322/190917.076:ERROR:exception_snapshot_win.cc(98)] thread ID 9256 not found in process
[0322/190917.168:ERROR:process_reader_win.cc(123)] NtOpenThread: {Acesso Negado} Um processo solicitou acesso a um objeto, mas o direito de acesso não lhe foi concedido. (0xc0000022)
[0322/190917.168:ERROR:exception_snapshot_win.cc(98)] thread ID 9752 not found in process
[0322/191744.536:ERROR:process_reader_win.cc(123)] NtOpenThread: {Acesso Negado} Um processo solicitou acesso a um objeto, mas o direito de acesso não lhe foi concedido. (0xc0000022)
[0322/191744.586:ERROR:exception_snapshot_win.cc(98)] thread ID 10208 not found in process
[0322/191744.639:ERROR:process_reader_win.cc(123)] NtOpenThread: {Acesso Negado} Um processo solicitou acesso a um objeto, mas o direito de acesso não lhe foi concedido. (0xc0000022)
[0322/191744.639:ERROR:exception_snapshot_win.cc(98)] thread ID 6388 not found in process
[0322/192157.361:ERROR:process_reader_win.cc(123)] NtOpenThread: {Acesso Negado} Um processo solicitou acesso a um objeto, mas o direito de acesso não lhe foi concedido. (0xc0000022)
[0322/192157.336:ERROR:process_reader_win.cc(123)] NtOpenThread: {Acesso Negado} Um processo solicitou acesso a um objeto, mas o direito de acesso não lhe foi concedido. (0xc0000022)
[0322/192157.441:ERROR:exception_snapshot_win.cc(98)] thread ID 7456 not found in process
[0322/192157.441:ERROR:exception_snapshot_win.cc(98)] thread ID 3488 not found in process
[0322/192408.603:ERROR:process_reader_win.cc(123)] NtOpenThread: {Acesso Negado} Um processo solicitou acesso a um objeto, mas o direito de acesso não lhe foi concedido. (0xc0000022)
[0322/192408.614:ERROR:process_reader_win.cc(123)] NtOpenThread: {Acesso Negado} Um processo solicitou acesso a um objeto, mas o direito de acesso não lhe foi concedido. (0xc0000022)
[0322/192408.663:ERROR:exception_snapshot_win.cc(98)] thread ID 11744 not found in process
[0322/192408.663:ERROR:exception_snapshot_win.cc(98)] thread ID 11756 not found in process
[0322/192408.727:ERROR:process_reader_win.cc(123)] NtOpenThread: {Acesso Negado} Um processo solicitou acesso a um objeto, mas o direito de acesso não lhe foi concedido. (0xc0000022)
[0322/192408.727:ERROR:exception_snapshot_win.cc(98)] thread ID 11752 not found in process
[0322/192722.027:ERROR:process_reader_win.cc(123)] NtOpenThread: {Acesso Negado} Um processo solicitou acesso a um objeto, mas o direito de acesso não lhe foi concedido. (0xc0000022)
[0322/192722.110:ERROR:exception_snapshot_win.cc(98)] thread ID 12064 not found in process
[0322/192722.205:ERROR:process_reader_win.cc(123)] NtOpenThread: {Acesso Negado} Um processo solicitou acesso a um objeto, mas o direito de acesso não lhe foi concedido. (0xc0000022)
[0322/192722.205:ERROR:exception_snapshot_win.cc(98)] thread ID 11684 not found in process
[0322/193403.654:ERROR:process_reader_win.cc(123)] NtOpenThread: {Acesso Negado} Um processo solicitou acesso a um objeto, mas o direito de acesso não lhe foi concedido. (0xc0000022)
[0322/193404.059:ERROR:process_reader_win.cc(123)] NtOpenThread: {Acesso Negado} Um processo solicitou acesso a um objeto, mas o direito de acesso não lhe foi concedido. (0xc0000022)
[0322/193404.292:ERROR:exception_snapshot_win.cc(98)] thread ID 10704 not found in process
[0322/193404.292:ERROR:exception_snapshot_win.cc(98)] thread ID 344 not found in process
[0322/201732.738:ERROR:process_reader_win.cc(123)] NtOpenThread: {Acesso Negado} Um processo solicitou acesso a um objeto, mas o direito de acesso não lhe foi concedido. (0xc0000022)
[0322/201733.354:ERROR:exception_snapshot_win.cc(98)] thread ID 9604 not found in process
[0322/201733.956:ERROR:process_reader_win.cc(123)] NtOpenThread: {Acesso Negado} Um processo solicitou acesso a um objeto, mas o direito de acesso não lhe foi concedido. (0xc0000022)
[0322/201733.956:ERROR:exception_snapshot_win.cc(98)] thread ID 1932 not found in process
[0322/202019.058:ERROR:process_reader_win.cc(123)] NtOpenThread: {Acesso Negado} Um processo solicitou acesso a um objeto, mas o direito de acesso não lhe foi concedido. (0xc0000022)
[0322/202019.058:ERROR:process_reader_win.cc(123)] NtOpenThread: {Acesso Negado} Um processo solicitou acesso a um objeto, mas o direito de acesso não lhe foi concedido. (0xc0000022)
[0322/202019.096:ERROR:process_reader_win.cc(123)] NtOpenThread: {Acesso Negado} Um processo solicitou acesso a um objeto, mas o direito de acesso não lhe foi concedido. (0xc0000022)
[0322/202019.096:ERROR:exception_snapshot_win.cc(98)] thread ID 5540 not found in process
[0322/202019.096:ERROR:exception_snapshot_win.cc(98)] thread ID 8292 not found in process
[0322/202019.096:ERROR:exception_snapshot_win.cc(98)] thread ID 10040 not found in process
[0322/202350.904:ERROR:process_reader_win.cc(123)] NtOpenThread: {Acesso Negado} Um processo solicitou acesso a um objeto, mas o direito de acesso não lhe foi concedido. (0xc0000022)
[0322/202350.870:ERROR:process_reader_win.cc(123)] NtOpenThread: {Acesso Negado} Um processo solicitou acesso a um objeto, mas o direito de acesso não lhe foi concedido. (0xc0000022)
[0322/202350.869:ERROR:process_reader_win.cc(123)] NtOpenThread: {Acesso Negado} Um processo solicitou acesso a um objeto, mas o direito de acesso não lhe foi concedido. (0xc0000022)
[0322/202351.029:ERROR:exception_snapshot_win.cc(98)] thread ID 11296 not found in process
[0322/202351.029:ERROR:exception_snapshot_win.cc(98)] thread ID 4672 not found in process
[0322/202351.029:ERROR:exception_snapshot_win.cc(98)] thread ID 6504 not found in process
[0322/203317.376:ERROR:process_reader_win.cc(123)] NtOpenThread: {Acesso Negado} Um processo solicitou acesso a um objeto, mas o direito de acesso não lhe foi concedido. (0xc0000022)
[0322/203317.376:ERROR:process_reader_win.cc(123)] NtOpenThread: {Acesso Negado} Um processo solicitou acesso a um objeto, mas o direito de acesso não lhe foi concedido. (0xc0000022)
[0322/203317.571:ERROR:exception_snapshot_win.cc(98)] thread ID 10748 not found in process
[0322/203317.571:ERROR:exception_snapshot_win.cc(98)] thread ID 9116 not found in process
[0322/203318.088:ERROR:process_reader_win.cc(123)] NtOpenThread: {Acesso Negado} Um processo solicitou acesso a um objeto, mas o direito de acesso não lhe foi concedido. (0xc0000022)
[0322/203318.162:ERROR:exception_snapshot_win.cc(98)] thread ID 4672 not found in process
[0322/203814.038:ERROR:process_reader_win.cc(123)] NtOpenThread: {Acesso Negado} Um processo solicitou acesso a um objeto, mas o direito de acesso não lhe foi concedido. (0xc0000022)
[0322/203814.192:ERROR:exception_snapshot_win.cc(98)] thread ID 2580 not found in process
[0322/203814.710:ERROR:process_reader_win.cc(123)] NtOpenThread: {Acesso Negado} Um processo solicitou acesso a um objeto, mas o direito de acesso não lhe foi concedido. (0xc0000022)
[0322/203814.710:ERROR:exception_snapshot_win.cc(98)] thread ID 2584 not found in process
[0322/204228.653:ERROR:process_reader_win.cc(123)] NtOpenThread: {Acesso Negado} Um processo solicitou acesso a um objeto, mas o direito de acesso não lhe foi concedido. (0xc0000022)
[0322/204228.846:ERROR:exception_snapshot_win.cc(98)] thread ID 11852 not found in process
[0322/204228.930:ERROR:process_reader_win.cc(123)] NtOpenThread: {Acesso Negado} Um processo solicitou acesso a um objeto, mas o direito de acesso não lhe foi concedido. (0xc0000022)
[0322/204228.930:ERROR:exception_snapshot_win.cc(98)] thread ID 4044 not found in process
[0322/210858.711:ERROR:process_reader_win.cc(123)] NtOpenThread: {Acesso Negado} Um processo solicitou acesso a um objeto, mas o direito de acesso não lhe foi concedido. (0xc0000022)
[0322/210858.711:ERROR:process_reader_win.cc(123)] NtOpenThread: {Acesso Negado} Um processo solicitou acesso a um objeto, mas o direito de acesso não lhe foi concedido. (0xc0000022)
[0322/210858.760:ERROR:exception_snapshot_win.cc(98)] thread ID 7624 not found in process
[0322/210858.760:ERROR:exception_snapshot_win.cc(98)] thread ID 10004 not found in process
[0323/120116.347:ERROR:process_reader_win.cc(123)] NtOpenThread: {Acesso Negado} Um processo solicitou acesso a um objeto, mas o direito de acesso não lhe foi concedido. (0xc0000022)
[0323/120116.908:ERROR:exception_snapshot_win.cc(98)] thread ID 1316 not found in process
[0323/120117.782:ERROR:process_reader_win.cc(123)] NtOpenThread: {Acesso Negado} Um processo solicitou acesso a um objeto, mas o direito de acesso não lhe foi concedido. (0xc0000022)
[0323/120117.782:ERROR:exception_snapshot_win.cc(98)] thread ID 5088 not found in process
[0323/122424.205:ERROR:process_reader_win.cc(123)] NtOpenThread: {Acesso Negado} Um processo solicitou acesso a um objeto, mas o direito de acesso não lhe foi concedido. (0xc0000022)
[0323/122424.377:ERROR:exception_snapshot_win.cc(98)] thread ID 6908 not found in process
[0323/122424.441:ERROR:process_reader_win.cc(123)] NtOpenThread: {Acesso Negado} Um processo solicitou acesso a um objeto, mas o direito de acesso não lhe foi concedido. (0xc0000022)
[0323/122424.441:ERROR:exception_snapshot_win.cc(98)] thread ID 4360 not found in process
[0323/145634.026:ERROR:process_reader_win.cc(123)] NtOpenThread: {Acesso Negado} Um processo solicitou acesso a um objeto, mas o direito de acesso não lhe foi concedido. (0xc0000022)
[0323/145634.697:ERROR:exception_snapshot_win.cc(98)] thread ID 1972 not found in process
[0323/145636.233:ERROR:process_reader_win.cc(123)] NtOpenThread: {Acesso Negado} Um processo solicitou acesso a um objeto, mas o direito de acesso não lhe foi concedido. (0xc0000022)
[0323/145636.233:ERROR:exception_snapshot_win.cc(98)] thread ID 10712 not found in process
[0323/151045.540:ERROR:process_reader_win.cc(123)] NtOpenThread: {Acesso Negado} Um processo solicitou acesso a um objeto, mas o direito de acesso não lhe foi concedido. (0xc0000022)
[0323/151045.579:ERROR:exception_snapshot_win.cc(98)] thread ID 6708 not found in process
[0323/151045.657:ERROR:process_reader_win.cc(123)] NtOpenThread: {Acesso Negado} Um processo solicitou acesso a um objeto, mas o direito de acesso não lhe foi concedido. (0xc0000022)
[0323/151045.658:ERROR:exception_snapshot_win.cc(98)] thread ID 12500 not found in process
[0323/153610.930:ERROR:process_reader_win.cc(123)] NtOpenThread: {Acesso Negado} Um processo solicitou acesso a um objeto, mas o direito de acesso não lhe foi concedido. (0xc0000022)
[0323/153610.941:ERROR:process_reader_win.cc(123)] NtOpenThread: {Acesso Negado} Um processo solicitou acesso a um objeto, mas o direito de acesso não lhe foi concedido. (0xc0000022)
[0323/153610.930:ERROR:process_reader_win.cc(123)] NtOpenThread: {Acesso Negado} Um processo solicitou acesso a um objeto, mas o direito de acesso não lhe foi concedido. (0xc0000022)
[0323/153611.024:ERROR:exception_snapshot_win.cc(98)] thread ID 8204 not found in process
[0323/153611.024:ERROR:exception_snapshot_win.cc(98)] thread ID 7232 not found in process
[0323/153611.024:ERROR:exception_snapshot_win.cc(98)] thread ID 7468 not found in process
[0323/162242.939:ERROR:process_reader_win.cc(123)] NtOpenThread: {Acesso Negado} Um processo solicitou acesso a um objeto, mas o direito de acesso não lhe foi concedido. (0xc0000022)
[0323/162242.739:ERROR:process_reader_win.cc(123)] NtOpenThread: {Acesso Negado} Um processo solicitou acesso a um objeto, mas o direito de acesso não lhe foi concedido. (0xc0000022)
[0323/162243.039:ERROR:exception_snapshot_win.cc(98)] thread ID 13140 not found in process
[0323/162243.039:ERROR:exception_snapshot_win.cc(98)] thread ID 13072 not found in process
[0323/164106.788:ERROR:process_reader_win.cc(123)] NtOpenThread: {Acesso Negado} Um processo solicitou acesso a um objeto, mas o direito de acesso não lhe foi concedido. (0xc0000022)
[0323/164106.837:ERROR:exception_snapshot_win.cc(98)] thread ID 7804 not found in process
[0323/164106.837:ERROR:process_reader_win.cc(123)] NtOpenThread: {Acesso Negado} Um processo solicitou acesso a um objeto, mas o direito de acesso não lhe foi concedido. (0xc0000022)
[0323/164106.837:ERROR:exception_snapshot_win.cc(98)] thread ID 10120 not found in process
[0323/164654.610:ERROR:process_reader_win.cc(123)] NtOpenThread: {Acesso Negado} Um processo solicitou acesso a um objeto, mas o direito de acesso não lhe foi concedido. (0xc0000022)
[0323/164654.610:ERROR:process_reader_win.cc(123)] NtOpenThread: {Acesso Negado} Um processo solicitou acesso a um objeto, mas o direito de acesso não lhe foi concedido. (0xc0000022)
[0323/164654.724:ERROR:exception_snapshot_win.cc(98)] thread ID 13276 not found in process
[0323/164654.724:ERROR:exception_snapshot_win.cc(98)] thread ID 6576 not found in process
[0323/170254.923:ERROR:process_reader_win.cc(123)] NtOpenThread: {Acesso Negado} Um processo solicitou acesso a um objeto, mas o direito de acesso não lhe foi concedido. (0xc0000022)
[0323/170254.972:ERROR:process_reader_win.cc(123)] NtOpenThread: {Acesso Negado} Um processo solicitou acesso a um objeto, mas o direito de acesso não lhe foi concedido. (0xc0000022)
[0323/170255.094:ERROR:exception_snapshot_win.cc(98)] thread ID 956 not found in process
[0323/170255.094:ERROR:exception_snapshot_win.cc(98)] thread ID 7944 not found in process
[0323/170255.651:ERROR:process_reader_win.cc(123)] NtOpenThread: {Acesso Negado} Um processo solicitou acesso a um objeto, mas o direito de acesso não lhe foi concedido. (0xc0000022)
[0323/170255.651:ERROR:exception_snapshot_win.cc(98)] thread ID 6856 not found in process
[0327/180827.991:ERROR:process_reader_win.cc(123)] NtOpenThread: {Acesso Negado} Um processo solicitou acesso a um objeto, mas o direito de acesso não lhe foi concedido. (0xc0000022)
[0327/180828.946:ERROR:exception_snapshot_win.cc(98)] thread ID 11924 not found in process
[0327/180832.855:ERROR:process_reader_win.cc(123)] NtOpenThread: {Acesso Negado} Um processo solicitou acesso a um objeto, mas o direito de acesso não lhe foi concedido. (0xc0000022)
[0327/180832.855:ERROR:exception_snapshot_win.cc(98)] thread ID 6716 not found in process
[0327/184758.011:ERROR:process_reader_win.cc(123)] NtOpenThread: {Acesso Negado} Um processo solicitou acesso a um objeto, mas o direito de acesso não lhe foi concedido. (0xc0000022)
[0327/184758.295:ERROR:exception_snapshot_win.cc(98)] thread ID 5288 not found in process
[0327/184758.579:ERROR:process_reader_win.cc(123)] NtOpenThread: {Acesso Negado} Um processo solicitou acesso a um objeto, mas o direito de acesso não lhe foi concedido. (0xc0000022)
[0327/184758.595:ERROR:exception_snapshot_win.cc(98)] thread ID 13764 not found in process
[0327/185840.758:ERROR:process_reader_win.cc(123)] NtOpenThread: {Acesso Negado} Um processo solicitou acesso a um objeto, mas o direito de acesso não lhe foi concedido. (0xc0000022)
[0327/185841.027:ERROR:exception_snapshot_win.cc(98)] thread ID 9376 not found in process
[0327/185841.159:ERROR:process_reader_win.cc(123)] NtOpenThread: {Acesso Negado} Um processo solicitou acesso a um objeto, mas o direito de acesso não lhe foi concedido. (0xc0000022)
[0327/185841.159:ERROR:exception_snapshot_win.cc(98)] thread ID 5340 not found in process
[0327/190519.755:ERROR:process_reader_win.cc(151)] SuspendThread: Acesso negado. (0x5)
[0327/190519.772:ERROR:process_reader_win.cc(123)] NtOpenThread: {Acesso Negado} Um processo solicitou acesso a um objeto, mas o direito de acesso não lhe foi concedido. (0xc0000022)
[0327/190519.881:ERROR:exception_snapshot_win.cc(98)] thread ID 11620 not found in process
[0327/190519.969:ERROR:process_reader_win.cc(123)] NtOpenThread: {Acesso Negado} Um processo solicitou acesso a um objeto, mas o direito de acesso não lhe foi concedido. (0xc0000022)
[0327/190519.969:ERROR:exception_snapshot_win.cc(98)] thread ID 10384 not found in process
[0327/190803.207:ERROR:process_reader_win.cc(123)] NtOpenThread: {Acesso Negado} Um processo solicitou acesso a um objeto, mas o direito de acesso não lhe foi concedido. (0xc0000022)
[0327/190803.183:ERROR:process_reader_win.cc(123)] NtOpenThread: {Acesso Negado} Um processo solicitou acesso a um objeto, mas o direito de acesso não lhe foi concedido. (0xc0000022)
[0327/190803.407:ERROR:process_reader_win.cc(123)] NtOpenThread: {Acesso Negado} Um processo solicitou acesso a um objeto, mas o direito de acesso não lhe foi concedido. (0xc0000022)
[0327/190803.420:ERROR:exception_snapshot_win.cc(98)] thread ID 8612 not found in process
[0327/190803.420:ERROR:exception_snapshot_win.cc(98)] thread ID 11900 not found in process
[0327/190803.420:ERROR:exception_snapshot_win.cc(98)] thread ID 12212 not found in process
[0327/193554.829:ERROR:process_reader_win.cc(123)] NtOpenThread: {Acesso Negado} Um processo solicitou acesso a um objeto, mas o direito de acesso não lhe foi concedido. (0xc0000022)
[0327/193555.019:ERROR:exception_snapshot_win.cc(98)] thread ID 5532 not found in process
[0327/193555.027:ERROR:process_reader_win.cc(123)] NtOpenThread: {Acesso Negado} Um processo solicitou acesso a um objeto, mas o direito de acesso não lhe foi concedido. (0xc0000022)
[0327/193555.027:ERROR:exception_snapshot_win.cc(98)] thread ID 8092 not found in process
[0327/200226.939:ERROR:process_reader_win.cc(123)] NtOpenThread: {Acesso Negado} Um processo solicitou acesso a um objeto, mas o direito de acesso não lhe foi concedido. (0xc0000022)
[0327/200227.051:ERROR:exception_snapshot_win.cc(98)] thread ID 7584 not found in process
[0327/200227.076:ERROR:process_reader_win.cc(123)] NtOpenThread: {Acesso Negado} Um processo solicitou acesso a um objeto, mas o direito de acesso não lhe foi concedido. (0xc0000022)
[0327/200227.077:ERROR:exception_snapshot_win.cc(98)] thread ID 9120 not found in process
[0327/200550.875:ERROR:process_reader_win.cc(123)] NtOpenThread: {Acesso Negado} Um processo solicitou acesso a um objeto, mas o direito de acesso não lhe foi concedido. (0xc0000022)
[0327/200550.875:ERROR:exception_snapshot_win.cc(98)] thread ID 3408 not found in process
[0327/200550.953:ERROR:process_reader_win.cc(123)] NtOpenThread: {Acesso Negado} Um processo solicitou acesso a um objeto, mas o direito de acesso não lhe foi concedido. (0xc0000022)
[0327/200550.953:ERROR:exception_snapshot_win.cc(98)] thread ID 4980 not found in process
[0327/203205.187:ERROR:process_reader_win.cc(123)] NtOpenThread: {Acesso Negado} Um processo solicitou acesso a um objeto, mas o direito de acesso não lhe foi concedido. (0xc0000022)
[0327/203205.434:ERROR:exception_snapshot_win.cc(98)] thread ID 14740 not found in process
[0327/203205.603:ERROR:process_reader_win.cc(123)] NtOpenThread: {Acesso Negado} Um processo solicitou acesso a um objeto, mas o direito de acesso não lhe foi concedido. (0xc0000022)
[0327/203205.603:ERROR:exception_snapshot_win.cc(98)] thread ID 13356 not found in process
[0327/214150.523:ERROR:process_reader_win.cc(123)] NtOpenThread: {Acesso Negado} Um processo solicitou acesso a um objeto, mas o direito de acesso não lhe foi concedido. (0xc0000022)
[0327/214151.256:ERROR:exception_snapshot_win.cc(98)] thread ID 15668 not found in process
[0327/214152.333:ERROR:process_reader_win.cc(123)] NtOpenThread: {Acesso Negado} Um processo solicitou acesso a um objeto, mas o direito de acesso não lhe foi concedido. (0xc0000022)
[0327/214152.334:ERROR:exception_snapshot_win.cc(98)] thread ID 11984 not found in process
[0328/103933.798:ERROR:process_reader_win.cc(123)] NtOpenThread: {Acesso Negado} Um processo solicitou acesso a um objeto, mas o direito de acesso não lhe foi concedido. (0xc0000022)
[0328/103933.867:ERROR:process_reader_win.cc(123)] NtOpenThread: {Acesso Negado} Um processo solicitou acesso a um objeto, mas o direito de acesso não lhe foi concedido. (0xc0000022)
[0328/103933.883:ERROR:exception_snapshot_win.cc(98)] thread ID 9924 not found in process
[0328/103933.883:ERROR:exception_snapshot_win.cc(98)] thread ID 2788 not found in process
[0328/110059.398:ERROR:process_reader_win.cc(123)] NtOpenThread: {Acesso Negado} Um processo solicitou acesso a um objeto, mas o direito de acesso não lhe foi concedido. (0xc0000022)
[0328/110059.439:ERROR:process_reader_win.cc(123)] NtOpenThread: {Acesso Negado} Um processo solicitou acesso a um objeto, mas o direito de acesso não lhe foi concedido. (0xc0000022)
[0328/110059.455:ERROR:exception_snapshot_win.cc(98)] thread ID 7604 not found in process
[0328/110059.455:ERROR:exception_snapshot_win.cc(98)] thread ID 7440 not found in process
[0328/111623.534:ERROR:process_reader_win.cc(123)] NtOpenThread: {Acesso Negado} Um processo solicitou acesso a um objeto, mas o direito de acesso não lhe foi concedido. (0xc0000022)
[0328/111623.890:ERROR:exception_snapshot_win.cc(98)] thread ID 7976 not found in process
[0328/111624.225:ERROR:process_reader_win.cc(123)] NtOpenThread: {Acesso Negado} Um processo solicitou acesso a um objeto, mas o direito de acesso não lhe foi concedido. (0xc0000022)
[0328/111624.225:ERROR:exception_snapshot_win.cc(98)] thread ID 14992 not found in process
[0328/115406.757:ERROR:process_reader_win.cc(123)] NtOpenThread: {Acesso Negado} Um processo solicitou acesso a um objeto, mas o direito de acesso não lhe foi concedido. (0xc0000022)
[0328/115407.014:ERROR:exception_snapshot_win.cc(98)] thread ID 16164 not found in process
[0328/115407.152:ERROR:process_reader_win.cc(123)] NtOpenThread: {Acesso Negado} Um processo solicitou acesso a um objeto, mas o direito de acesso não lhe foi concedido. (0xc0000022)
[0328/115407.152:ERROR:exception_snapshot_win.cc(98)] thread ID 15480 not found in process
[0328/120518.127:ERROR:process_reader_win.cc(151)] SuspendThread: Acesso negado. (0x5)
[0328/120518.205:ERROR:process_reader_win.cc(123)] NtOpenThread: {Acesso Negado} Um processo solicitou acesso a um objeto, mas o direito de acesso não lhe foi concedido. (0xc0000022)
[0328/120518.292:ERROR:exception_snapshot_win.cc(98)] thread ID 9848 not found in process
[0328/120518.372:ERROR:process_reader_win.cc(123)] NtOpenThread: {Acesso Negado} Um processo solicitou acesso a um objeto, mas o direito de acesso não lhe foi concedido. (0xc0000022)
[0328/120518.372:ERROR:exception_snapshot_win.cc(98)] thread ID 408 not found in process
[0328/121306.063:ERROR:process_reader_win.cc(123)] NtOpenThread: {Acesso Negado} Um processo solicitou acesso a um objeto, mas o direito de acesso não lhe foi concedido. (0xc0000022)
[0328/121306.108:ERROR:exception_snapshot_win.cc(98)] thread ID 16240 not found in process
[0328/121306.157:ERROR:process_reader_win.cc(123)] NtOpenThread: {Acesso Negado} Um processo solicitou acesso a um objeto, mas o direito de acesso não lhe foi concedido. (0xc0000022)
[0328/121306.158:ERROR:exception_snapshot_win.cc(98)] thread ID 5064 not found in process
[0328/141624.524:ERROR:process_reader_win.cc(123)] NtOpenThread: {Acesso Negado} Um processo solicitou acesso a um objeto, mas o direito de acesso não lhe foi concedido. (0xc0000022)
[0328/141624.477:ERROR:process_reader_win.cc(123)] NtOpenThread: {Acesso Negado} Um processo solicitou acesso a um objeto, mas o direito de acesso não lhe foi concedido. (0xc0000022)
[0328/141624.555:ERROR:exception_snapshot_win.cc(98)] thread ID 13340 not found in process
[0328/141624.555:ERROR:exception_snapshot_win.cc(98)] thread ID 15564 not found in process
[0328/142750.035:ERROR:process_reader_win.cc(123)] NtOpenThread: {Acesso Negado} Um processo solicitou acesso a um objeto, mas o direito de acesso não lhe foi concedido. (0xc0000022)
[0328/142750.891:ERROR:exception_snapshot_win.cc(98)] thread ID 6604 not found in process
[0328/142751.220:ERROR:process_reader_win.cc(123)] NtOpenThread: {Acesso Negado} Um processo solicitou acesso a um objeto, mas o direito de acesso não lhe foi concedido. (0xc0000022)
[0328/142751.221:ERROR:exception_snapshot_win.cc(98)] thread ID 10244 not found in process
[0328/144954.058:ERROR:process_reader_win.cc(123)] NtOpenThread: {Acesso Negado} Um processo solicitou acesso a um objeto, mas o direito de acesso não lhe foi concedido. (0xc0000022)
[0328/144954.170:ERROR:exception_snapshot_win.cc(98)] thread ID 11436 not found in process
[0328/144954.331:ERROR:process_reader_win.cc(123)] NtOpenThread: {Acesso Negado} Um processo solicitou acesso a um objeto, mas o direito de acesso não lhe foi concedido. (0xc0000022)
[0328/144954.331:ERROR:exception_snapshot_win.cc(98)] thread ID 10140 not found in process
[0328/153556.260:ERROR:process_reader_win.cc(123)] NtOpenThread: {Acesso Negado} Um processo solicitou acesso a um objeto, mas o direito de acesso não lhe foi concedido. (0xc0000022)
[0328/153556.805:ERROR:exception_snapshot_win.cc(98)] thread ID 15068 not found in process
[0328/153557.879:ERROR:process_reader_win.cc(123)] NtOpenThread: {Acesso Negado} Um processo solicitou acesso a um objeto, mas o direito de acesso não lhe foi concedido. (0xc0000022)
[0328/153557.879:ERROR:exception_snapshot_win.cc(98)] thread ID 2176 not found in process
[0328/154815.910:ERROR:process_reader_win.cc(123)] NtOpenThread: {Acesso Negado} Um processo solicitou acesso a um objeto, mas o direito de acesso não lhe foi concedido. (0xc0000022)
[0328/154816.057:ERROR:exception_snapshot_win.cc(98)] thread ID 12112 not found in process
[0328/154816.126:ERROR:process_reader_win.cc(123)] NtOpenThread: {Acesso Negado} Um processo solicitou acesso a um objeto, mas o direito de acesso não lhe foi concedido. (0xc0000022)
[0328/154816.126:ERROR:exception_snapshot_win.cc(98)] thread ID 16792 not found in process
[0328/175838.823:ERROR:process_reader_win.cc(123)] NtOpenThread: {Acesso Negado} Um processo solicitou acesso a um objeto, mas o direito de acesso não lhe foi concedido. (0xc0000022)
[0328/175840.976:ERROR:exception_snapshot_win.cc(98)] thread ID 16948 not found in process
[0328/175845.953:ERROR:process_reader_win.cc(123)] NtOpenThread: {Acesso Negado} Um processo solicitou acesso a um objeto, mas o direito de acesso não lhe foi concedido. (0xc0000022)
[0328/175845.954:ERROR:exception_snapshot_win.cc(98)] thread ID 5620 not found in process
[0328/182730.494:ERROR:process_reader_win.cc(123)] NtOpenThread: {Acesso Negado} Um processo solicitou acesso a um objeto, mas o direito de acesso não lhe foi concedido. (0xc0000022)
[0328/182731.883:ERROR:exception_snapshot_win.cc(98)] thread ID 17488 not found in process
[0328/182734.283:ERROR:process_reader_win.cc(123)] NtOpenThread: {Acesso Negado} Um processo solicitou acesso a um objeto, mas o direito de acesso não lhe foi concedido. (0xc0000022)
[0328/182734.283:ERROR:exception_snapshot_win.cc(98)] thread ID 18228 not found in process
[0328/193430.545:ERROR:process_reader_win.cc(123)] NtOpenThread: {Acesso Negado} Um processo solicitou acesso a um objeto, mas o direito de acesso não lhe foi concedido. (0xc0000022)
[0328/193430.760:ERROR:exception_snapshot_win.cc(98)] thread ID 8336 not found in process
[0328/193431.045:ERROR:process_reader_win.cc(123)] NtOpenThread: {Acesso Negado} Um processo solicitou acesso a um objeto, mas o direito de acesso não lhe foi concedido. (0xc0000022)
[0328/193431.045:ERROR:exception_snapshot_win.cc(98)] thread ID 17216 not found in process
[0328/193949.368:ERROR:process_reader_win.cc(123)] NtOpenThread: {Acesso Negado} Um processo solicitou acesso a um objeto, mas o direito de acesso não lhe foi concedido. (0xc0000022)
[0328/193949.368:ERROR:process_reader_win.cc(123)] NtOpenThread: {Acesso Negado} Um processo solicitou acesso a um objeto, mas o direito de acesso não lhe foi concedido. (0xc0000022)
[0328/193949.503:ERROR:exception_snapshot_win.cc(98)] thread ID 12240 not found in process
[0328/193949.503:ERROR:exception_snapshot_win.cc(98)] thread ID 6236 not found in process
[0328/194332.755:ERROR:process_info.cc(329)] VirtualQueryEx: Acesso negado. (0x5)
[0328/194332.766:ERROR:process_info.cc(556)] ReadMemoryInfo failed
[0328/194332.766:ERROR:scoped_process_suspend.cc(40)] NtResumeProcess: Tentou-se acessar um processo de saída. (0xc000010a)
[0328/195617.516:ERROR:process_reader_win.cc(123)] NtOpenThread: {Acesso Negado} Um processo solicitou acesso a um objeto, mas o direito de acesso não lhe foi concedido. (0xc0000022)
[0328/195618.017:ERROR:exception_snapshot_win.cc(98)] thread ID 5540 not found in process
[0328/195619.473:ERROR:process_reader_win.cc(123)] NtOpenThread: {Acesso Negado} Um processo solicitou acesso a um objeto, mas o direito de acesso não lhe foi concedido. (0xc0000022)
[0328/195619.473:ERROR:exception_snapshot_win.cc(98)] thread ID 15168 not found in process
[0329/114106.322:ERROR:process_reader_win.cc(123)] NtOpenThread: {Acesso Negado} Um processo solicitou acesso a um objeto, mas o direito de acesso não lhe foi concedido. (0xc0000022)
[0329/114106.823:ERROR:exception_snapshot_win.cc(98)] thread ID 18932 not found in process
[0329/114107.713:ERROR:process_reader_win.cc(123)] NtOpenThread: {Acesso Negado} Um processo solicitou acesso a um objeto, mas o direito de acesso não lhe foi concedido. (0xc0000022)
[0329/114107.713:ERROR:exception_snapshot_win.cc(98)] thread ID 17944 not found in process
[0329/114706.777:ERROR:process_reader_win.cc(123)] NtOpenThread: {Acesso Negado} Um processo solicitou acesso a um objeto, mas o direito de acesso não lhe foi concedido. (0xc0000022)
[0329/114706.777:ERROR:process_reader_win.cc(123)] NtOpenThread: {Acesso Negado} Um processo solicitou acesso a um objeto, mas o direito de acesso não lhe foi concedido. (0xc0000022)
[0329/114706.877:ERROR:exception_snapshot_win.cc(98)] thread ID 6924 not found in process
[0329/114706.877:ERROR:exception_snapshot_win.cc(98)] thread ID 8700 not found in process
[0329/120035.850:ERROR:process_reader_win.cc(123)] NtOpenThread: {Acesso Negado} Um processo solicitou acesso a um objeto, mas o direito de acesso não lhe foi concedido. (0xc0000022)
[0329/120036.319:ERROR:process_reader_win.cc(123)] NtOpenThread: {Acesso Negado} Um processo solicitou acesso a um objeto, mas o direito de acesso não lhe foi concedido. (0xc0000022)
[0329/120036.482:ERROR:exception_snapshot_win.cc(98)] thread ID 7048 not found in process
[0329/120036.482:ERROR:exception_snapshot_win.cc(98)] thread ID 16056 not found in process
[0329/120157.755:ERROR:process_reader_win.cc(151)] SuspendThread: Acesso negado. (0x5)
[0329/120157.755:ERROR:process_reader_win.cc(123)] NtOpenThread: {Acesso Negado} Um processo solicitou acesso a um objeto, mas o direito de acesso não lhe foi concedido. (0xc0000022)
[0329/120157.755:ERROR:exception_snapshot_win.cc(98)] thread ID 17912 not found in process
[0329/120157.786:ERROR:process_reader_win.cc(151)] SuspendThread: Acesso negado. (0x5)
[0329/120157.786:ERROR:process_reader_win.cc(123)] NtOpenThread: {Acesso Negado} Um processo solicitou acesso a um objeto, mas o direito de acesso não lhe foi concedido. (0xc0000022)
[0329/120157.786:ERROR:exception_snapshot_win.cc(98)] thread ID 15444 not found in process
[0329/120157.824:ERROR:process_reader_win.cc(151)] SuspendThread: Acesso negado. (0x5)
[0329/120157.824:ERROR:process_reader_win.cc(151)] SuspendThread: Acesso negado. (0x5)
[0329/120157.824:ERROR:process_reader_win.cc(123)] NtOpenThread: {Acesso Negado} Um processo solicitou acesso a um objeto, mas o direito de acesso não lhe foi concedido. (0xc0000022)
[0329/120157.824:ERROR:exception_snapshot_win.cc(98)] thread ID 8232 not found in process
[0329/123033.090:ERROR:process_reader_win.cc(151)] SuspendThread: Acesso negado. (0x5)
[0329/123033.088:ERROR:process_reader_win.cc(123)] NtOpenThread: {Acesso Negado} Um processo solicitou acesso a um objeto, mas o direito de acesso não lhe foi concedido. (0xc0000022)
[0329/123033.124:ERROR:exception_snapshot_win.cc(98)] thread ID 16064 not found in process
[0329/123033.124:ERROR:process_reader_win.cc(151)] SuspendThread: Acesso negado. (0x5)
[0329/123033.125:ERROR:process_reader_win.cc(151)] SuspendThread: Acesso negado. (0x5)
[0329/123033.125:ERROR:process_reader_win.cc(151)] SuspendThread: Acesso negado. (0x5)
[0329/123033.125:ERROR:process_reader_win.cc(123)] NtOpenThread: {Acesso Negado} Um processo solicitou acesso a um objeto, mas o direito de acesso não lhe foi concedido. (0xc0000022)
[0329/123033.125:ERROR:exception_snapshot_win.cc(98)] thread ID 9044 not found in process
[0329/124000.318:ERROR:process_reader_win.cc(123)] NtOpenThread: {Acesso Negado} Um processo solicitou acesso a um objeto, mas o direito de acesso não lhe foi concedido. (0xc0000022)
[0329/124000.518:ERROR:exception_snapshot_win.cc(98)] thread ID 15648 not found in process
[0329/124000.619:ERROR:process_reader_win.cc(123)] NtOpenThread: {Acesso Negado} Um processo solicitou acesso a um objeto, mas o direito de acesso não lhe foi concedido. (0xc0000022)
[0329/124000.619:ERROR:exception_snapshot_win.cc(98)] thread ID 1020 not found in process
[0329/125036.729:ERROR:process_reader_win.cc(123)] NtOpenThread: {Acesso Negado} Um processo solicitou acesso a um objeto, mas o direito de acesso não lhe foi concedido. (0xc0000022)
[0329/125036.861:ERROR:exception_snapshot_win.cc(98)] thread ID 6316 not found in process
[0329/125036.961:ERROR:process_reader_win.cc(123)] NtOpenThread: {Acesso Negado} Um processo solicitou acesso a um objeto, mas o direito de acesso não lhe foi concedido. (0xc0000022)
[0329/125036.961:ERROR:exception_snapshot_win.cc(98)] thread ID 14072 not found in process
[0329/130108.704:ERROR:process_reader_win.cc(123)] NtOpenThread: {Acesso Negado} Um processo solicitou acesso a um objeto, mas o direito de acesso não lhe foi concedido. (0xc0000022)
[0329/130108.681:ERROR:process_reader_win.cc(123)] NtOpenThread: {Acesso Negado} Um processo solicitou acesso a um objeto, mas o direito de acesso não lhe foi concedido. (0xc0000022)
[0329/130108.728:ERROR:exception_snapshot_win.cc(98)] thread ID 16504 not found in process
[0329/130108.728:ERROR:exception_snapshot_win.cc(98)] thread ID 17512 not found in process
[0329/130943.355:ERROR:process_reader_win.cc(123)] NtOpenThread: {Acesso Negado} Um processo solicitou acesso a um objeto, mas o direito de acesso não lhe foi concedido. (0xc0000022)
[0329/130943.508:ERROR:exception_snapshot_win.cc(98)] thread ID 18480 not found in process
[0329/130943.654:ERROR:process_reader_win.cc(123)] NtOpenThread: {Acesso Negado} Um processo solicitou acesso a um objeto, mas o direito de acesso não lhe foi concedido. (0xc0000022)
[0329/130943.654:ERROR:exception_snapshot_win.cc(98)] thread ID 5380 not found in process
[0329/131411.645:ERROR:process_reader_win.cc(123)] NtOpenThread: {Acesso Negado} Um processo solicitou acesso a um objeto, mas o direito de acesso não lhe foi concedido. (0xc0000022)
[0329/131411.903:ERROR:exception_snapshot_win.cc(98)] thread ID 2160 not found in process
[0329/131412.125:ERROR:process_reader_win.cc(123)] NtOpenThread: {Acesso Negado} Um processo solicitou acesso a um objeto, mas o direito de acesso não lhe foi concedido. (0xc0000022)
[0329/131412.125:ERROR:exception_snapshot_win.cc(98)] thread ID 5228 not found in process
[0329/132555.517:ERROR:process_reader_win.cc(123)] NtOpenThread: {Acesso Negado} Um processo solicitou acesso a um objeto, mas o direito de acesso não lhe foi concedido. (0xc0000022)
[0329/132555.602:ERROR:exception_snapshot_win.cc(98)] thread ID 15352 not found in process
[0329/132555.668:ERROR:process_reader_win.cc(123)] NtOpenThread: {Acesso Negado} Um processo solicitou acesso a um objeto, mas o direito de acesso não lhe foi concedido. (0xc0000022)
[0329/132555.668:ERROR:exception_snapshot_win.cc(98)] thread ID 17956 not found in process
[0329/133917.148:ERROR:process_reader_win.cc(123)] NtOpenThread: {Acesso Negado} Um processo solicitou acesso a um objeto, mas o direito de acesso não lhe foi concedido. (0xc0000022)
[0329/133917.134:ERROR:process_reader_win.cc(123)] NtOpenThread: {Acesso Negado} Um processo solicitou acesso a um objeto, mas o direito de acesso não lhe foi concedido. (0xc0000022)
[0329/133917.169:ERROR:exception_snapshot_win.cc(98)] thread ID 17680 not found in process
[0329/133917.170:ERROR:exception_snapshot_win.cc(98)] thread ID 12624 not found in process
[0329/134926.340:ERROR:process_reader_win.cc(123)] NtOpenThread: {Acesso Negado} Um processo solicitou acesso a um objeto, mas o direito de acesso não lhe foi concedido. (0xc0000022)
[0329/134926.645:ERROR:exception_snapshot_win.cc(98)] thread ID 13864 not found in process
[0329/134927.292:ERROR:process_reader_win.cc(123)] NtOpenThread: {Acesso Negado} Um processo solicitou acesso a um objeto, mas o direito de acesso não lhe foi concedido. (0xc0000022)
[0329/134927.292:ERROR:exception_snapshot_win.cc(98)] thread ID 3972 not found in process
[0329/135909.814:ERROR:process_reader_win.cc(123)] NtOpenThread: {Acesso Negado} Um processo solicitou acesso a um objeto, mas o direito de acesso não lhe foi concedido. (0xc0000022)
[0329/135909.967:ERROR:exception_snapshot_win.cc(98)] thread ID 17808 not found in process
[0329/135910.168:ERROR:process_reader_win.cc(123)] NtOpenThread: {Acesso Negado} Um processo solicitou acesso a um objeto, mas o direito de acesso não lhe foi concedido. (0xc0000022)
[0329/135910.168:ERROR:exception_snapshot_win.cc(98)] thread ID 4508 not found in process
[0329/140500.467:ERROR:process_reader_win.cc(123)] NtOpenThread: {Acesso Negado} Um processo solicitou acesso a um objeto, mas o direito de acesso não lhe foi concedido. (0xc0000022)
[0329/140500.442:ERROR:process_reader_win.cc(123)] NtOpenThread: {Acesso Negado} Um processo solicitou acesso a um objeto, mas o direito de acesso não lhe foi concedido. (0xc0000022)
[0329/140500.489:ERROR:exception_snapshot_win.cc(98)] thread ID 11740 not found in process
[0329/140500.489:ERROR:exception_snapshot_win.cc(98)] thread ID 19172 not found in process
[0329/161424.840:ERROR:process_reader_win.cc(123)] NtOpenThread: {Acesso Negado} Um processo solicitou acesso a um objeto, mas o direito de acesso não lhe foi concedido. (0xc0000022)
[0329/161425.243:ERROR:exception_snapshot_win.cc(98)] thread ID 18520 not found in process
[0329/161428.310:ERROR:process_reader_win.cc(123)] NtOpenThread: {Acesso Negado} Um processo solicitou acesso a um objeto, mas o direito de acesso não lhe foi concedido. (0xc0000022)
[0329/161428.311:ERROR:exception_snapshot_win.cc(98)] thread ID 12568 not found in process
[0329/162400.235:ERROR:process_reader_win.cc(123)] NtOpenThread: {Acesso Negado} Um processo solicitou acesso a um objeto, mas o direito de acesso não lhe foi concedido. (0xc0000022)
[0329/162400.470:ERROR:exception_snapshot_win.cc(98)] thread ID 11792 not found in process
[0329/162400.638:ERROR:process_reader_win.cc(123)] NtOpenThread: {Acesso Negado} Um processo solicitou acesso a um objeto, mas o direito de acesso não lhe foi concedido. (0xc0000022)
[0329/162400.638:ERROR:exception_snapshot_win.cc(98)] thread ID 6444 not found in process
[0329/164509.430:ERROR:process_reader_win.cc(123)] NtOpenThread: {Acesso Negado} Um processo solicitou acesso a um objeto, mas o direito de acesso não lhe foi concedido. (0xc0000022)
[0329/164510.232:ERROR:exception_snapshot_win.cc(98)] thread ID 5848 not found in process
[0329/164511.193:ERROR:process_reader_win.cc(123)] NtOpenThread: {Acesso Negado} Um processo solicitou acesso a um objeto, mas o direito de acesso não lhe foi concedido. (0xc0000022)
[0329/164511.346:ERROR:exception_snapshot_win.cc(98)] thread ID 1388 not found in process
[0329/173127.475:ERROR:process_reader_win.cc(123)] NtOpenThread: {Acesso Negado} Um processo solicitou acesso a um objeto, mas o direito de acesso não lhe foi concedido. (0xc0000022)
[0329/173127.841:ERROR:exception_snapshot_win.cc(98)] thread ID 14784 not found in process
[0329/173130.225:ERROR:process_reader_win.cc(123)] NtOpenThread: {Acesso Negado} Um processo solicitou acesso a um objeto, mas o direito de acesso não lhe foi concedido. (0xc0000022)
[0329/173130.226:ERROR:exception_snapshot_win.cc(98)] thread ID 3860 not found in process
[0329/175936.093:ERROR:process_reader_win.cc(123)] NtOpenThread: {Acesso Negado} Um processo solicitou acesso a um objeto, mas o direito de acesso não lhe foi concedido. (0xc0000022)
[0329/175936.292:ERROR:exception_snapshot_win.cc(98)] thread ID 18940 not found in process
[0329/175936.573:ERROR:process_reader_win.cc(123)] NtOpenThread: {Acesso Negado} Um processo solicitou acesso a um objeto, mas o direito de acesso não lhe foi concedido. (0xc0000022)
[0329/175936.573:ERROR:exception_snapshot_win.cc(98)] thread ID 15336 not found in process
[0329/180413.519:ERROR:process_reader_win.cc(123)] NtOpenThread: {Acesso Negado} Um processo solicitou acesso a um objeto, mas o direito de acesso não lhe foi concedido. (0xc0000022)
[0329/180413.604:ERROR:exception_snapshot_win.cc(98)] thread ID 18084 not found in process
[0329/180413.666:ERROR:process_reader_win.cc(123)] NtOpenThread: {Acesso Negado} Um processo solicitou acesso a um objeto, mas o direito de acesso não lhe foi concedido. (0xc0000022)
[0329/180413.666:ERROR:exception_snapshot_win.cc(98)] thread ID 16484 not found in process
[0329/181432.284:ERROR:process_reader_win.cc(123)] NtOpenThread: {Acesso Negado} Um processo solicitou acesso a um objeto, mas o direito de acesso não lhe foi concedido. (0xc0000022)
[0329/181432.450:ERROR:exception_snapshot_win.cc(98)] thread ID 16408 not found in process
[0329/181432.617:ERROR:process_reader_win.cc(123)] NtOpenThread: {Acesso Negado} Um processo solicitou acesso a um objeto, mas o direito de acesso não lhe foi concedido. (0xc0000022)
[0329/181432.617:ERROR:exception_snapshot_win.cc(98)] thread ID 17576 not found in process
[0329/183625.539:ERROR:process_reader_win.cc(123)] NtOpenThread: {Acesso Negado} Um processo solicitou acesso a um objeto, mas o direito de acesso não lhe foi concedido. (0xc0000022)
[0329/183625.840:ERROR:exception_snapshot_win.cc(98)] thread ID 19332 not found in process
[0329/183626.109:ERROR:process_reader_win.cc(123)] NtOpenThread: {Acesso Negado} Um processo solicitou acesso a um objeto, mas o direito de acesso não lhe foi concedido. (0xc0000022)
[0329/183626.109:ERROR:exception_snapshot_win.cc(98)] thread ID 3692 not found in process
[0329/190416.978:ERROR:process_reader_win.cc(123)] NtOpenThread: {Acesso Negado} Um processo solicitou acesso a um objeto, mas o direito de acesso não lhe foi concedido. (0xc0000022)
[0329/190417.278:ERROR:exception_snapshot_win.cc(98)] thread ID 17680 not found in process
[0329/190417.569:ERROR:process_reader_win.cc(123)] NtOpenThread: {Acesso Negado} Um processo solicitou acesso a um objeto, mas o direito de acesso não lhe foi concedido. (0xc0000022)
[0329/190417.581:ERROR:exception_snapshot_win.cc(98)] thread ID 10184 not found in process
[0329/191742.363:ERROR:process_reader_win.cc(123)] NtOpenThread: {Acesso Negado} Um processo solicitou acesso a um objeto, mas o direito de acesso não lhe foi concedido. (0xc0000022)
[0329/191742.807:ERROR:exception_snapshot_win.cc(98)] thread ID 4916 not found in process
[0329/191743.078:ERROR:process_reader_win.cc(123)] NtOpenThread: {Acesso Negado} Um processo solicitou acesso a um objeto, mas o direito de acesso não lhe foi concedido. (0xc0000022)
[0329/191743.078:ERROR:exception_snapshot_win.cc(98)] thread ID 10656 not found in process
[0329/192929.666:ERROR:process_reader_win.cc(123)] NtOpenThread: {Acesso Negado} Um processo solicitou acesso a um objeto, mas o direito de acesso não lhe foi concedido. (0xc0000022)
[0329/192929.666:ERROR:process_reader_win.cc(123)] NtOpenThread: {Acesso Negado} Um processo solicitou acesso a um objeto, mas o direito de acesso não lhe foi concedido. (0xc0000022)
[0329/192929.722:ERROR:exception_snapshot_win.cc(98)] thread ID 17060 not found in process
[0329/192929.722:ERROR:exception_snapshot_win.cc(98)] thread ID 11080 not found in process
[0329/195624.319:ERROR:process_reader_win.cc(123)] NtOpenThread: {Acesso Negado} Um processo solicitou acesso a um objeto, mas o direito de acesso não lhe foi concedido. (0xc0000022)
[0329/195624.486:ERROR:exception_snapshot_win.cc(98)] thread ID 18416 not found in process
[0329/195624.678:ERROR:process_reader_win.cc(123)] NtOpenThread: {Acesso Negado} Um processo solicitou acesso a um objeto, mas o direito de acesso não lhe foi concedido. (0xc0000022)
[0329/195624.678:ERROR:exception_snapshot_win.cc(98)] thread ID 19392 not found in process
[0329/200641.578:ERROR:process_reader_win.cc(123)] NtOpenThread: {Acesso Negado} Um processo solicitou acesso a um objeto, mas o direito de acesso não lhe foi concedido. (0xc0000022)
[0329/200641.756:ERROR:exception_snapshot_win.cc(98)] thread ID 18948 not found in process
[0329/200641.925:ERROR:process_reader_win.cc(123)] NtOpenThread: {Acesso Negado} Um processo solicitou acesso a um objeto, mas o direito de acesso não lhe foi concedido. (0xc0000022)
[0329/200641.925:ERROR:exception_snapshot_win.cc(98)] thread ID 10404 not found in process
[0329/201530.526:ERROR:process_reader_win.cc(123)] NtOpenThread: {Acesso Negado} Um processo solicitou acesso a um objeto, mas o direito de acesso não lhe foi concedido. (0xc0000022)
[0329/201530.848:ERROR:exception_snapshot_win.cc(98)] thread ID 5784 not found in process
[0329/201531.143:ERROR:process_reader_win.cc(123)] NtOpenThread: {Acesso Negado} Um processo solicitou acesso a um objeto, mas o direito de acesso não lhe foi concedido. (0xc0000022)
[0329/201531.143:ERROR:exception_snapshot_win.cc(98)] thread ID 19000 not found in process
[0329/202754.750:ERROR:process_reader_win.cc(123)] NtOpenThread: {Acesso Negado} Um processo solicitou acesso a um objeto, mas o direito de acesso não lhe foi concedido. (0xc0000022)
[0329/202754.750:ERROR:process_reader_win.cc(123)] NtOpenThread: {Acesso Negado} Um processo solicitou acesso a um objeto, mas o direito de acesso não lhe foi concedido. (0xc0000022)
[0329/202754.817:ERROR:exception_snapshot_win.cc(98)] thread ID 10916 not found in process
[0329/202754.817:ERROR:exception_snapshot_win.cc(98)] thread ID 16596 not found in process
